<?xml version="1.0" encoding="UTF-8"?>
<testsuite xmlns:xsi="http://www.w3.org/2001/XMLSchema-instance" xsi:noNamespaceSchemaLocation="https://maven.apache.org/surefire/maven-surefire-plugin/xsd/surefire-test-report.xsd" name="net.navinkumar.folio.service.FolioServiceTest" time="0.703" tests="2" errors="0" skipped="0" failures="0">
  <properties>
[...]
</properties>
  <testcase name="closeFolio_ShouldUpdateStatusToClosed" classname="net.navinkumar.folio.service.FolioServiceTest" time="0.663"/>
  <testcase name="createFolio_ShouldReturnCreatedFolio" classname="net.navinkumar.folio.service.FolioServiceTest" time="0.021"/>
</testsuite>